0 info it worked if it ends with ok
1 verbose cli [ 'node', '/Users/dev/npm/bin/npm', 'install', 'express-static' ]
2 info using npm@1.4.4
3 info using node@v0.10.24
4 warn package.json staplezio@0.0.0 No description
5 warn package.json staplezio@0.0.0 No README data
6 verbose readDependencies using package.json deps
7 verbose cache add [ 'express-static', null ]
8 verbose cache add name=undefined spec="express-static" args=["express-static",null]
9 verbose parsed url { protocol: null,
9 verbose parsed url   slashes: null,
9 verbose parsed url   auth: null,
9 verbose parsed url   host: null,
9 verbose parsed url   port: null,
9 verbose parsed url   hostname: null,
9 verbose parsed url   hash: null,
9 verbose parsed url   search: null,
9 verbose parsed url   query: null,
9 verbose parsed url   pathname: 'express-static',
9 verbose parsed url   path: 'express-static',
9 verbose parsed url   href: 'express-static' }
10 silly lockFile 8f98dfc8-express-static express-static
11 verbose lock express-static /Users/dev/.npm/8f98dfc8-express-static.lock
12 silly lockFile 8f98dfc8-express-static express-static
13 silly lockFile 8f98dfc8-express-static express-static
14 verbose addNamed [ 'express-static', '' ]
15 verbose addNamed [ null, '*' ]
16 silly lockFile db8e500b-express-static express-static@
17 verbose lock express-static@ /Users/dev/.npm/db8e500b-express-static.lock
18 silly addNameRange { name: 'express-static', range: '*', hasData: false }
19 verbose url raw express-static
20 verbose url resolving [ 'https://registry.npmjs.org/', './express-static' ]
21 verbose url resolved https://registry.npmjs.org/express-static
22 info trying registry request attempt 1 at 10:14:26
23 http GET https://registry.npmjs.org/express-static
24 http 404 https://registry.npmjs.org/express-static
25 silly registry.get cb [ 404,
25 silly registry.get   { date: 'Mon, 22 Sep 2014 15:14:28 GMT',
25 silly registry.get     server: 'CouchDB/1.5.0 (Erlang OTP/R16B03)',
25 silly registry.get     'content-type': 'application/json',
25 silly registry.get     'cache-control': 'max-age=0',
25 silly registry.get     'content-length': '52',
25 silly registry.get     'accept-ranges': 'bytes',
25 silly registry.get     via: '1.1 varnish',
25 silly registry.get     age: '0',
25 silly registry.get     'x-served-by': 'cache-ord1730-ORD',
25 silly registry.get     'x-cache': 'MISS',
25 silly registry.get     'x-cache-hits': '0',
25 silly registry.get     'x-timer': 'S1411398868.385874,VS0,VE138',
25 silly registry.get     'keep-alive': 'timeout=10, max=50',
25 silly registry.get     connection: 'Keep-Alive' } ]
26 silly lockFile db8e500b-express-static express-static@
27 silly lockFile db8e500b-express-static express-static@
28 error 404 'express-static' is not in the npm registry.
28 error 404 You should bug the author to publish it
28 error 404 It was specified as a dependency of 'staplezio'
28 error 404
28 error 404 Note that you can also install from a
28 error 404 tarball, folder, or http url, or git url.
29 error System Darwin 13.2.0
30 error command "node" "/Users/dev/npm/bin/npm" "install" "express-static"
31 error cwd /Users/dev/apps/staplez
32 error node -v v0.10.24
33 error npm -v 1.4.4
34 error code E404
35 verbose exit [ 1, true ]
